<?xml version="1.0" encoding="UTF-8"?>
<testsuite xmlns:xsi="http://www.w3.org/2001/XMLSchema-instance" xsi:noNamespaceSchemaLocation="https://maven.apache.org/surefire/maven-surefire-plugin/xsd/surefire-test-report-3.0.xsd" version="3.0" name="cat.itacademy.blackjack.controller.GameControllerTest" time="1.656" tests="5" errors="0" skipped="0" failures="0">
  <properties>
[...]
</properties>
  <testcase name="createGame_validName_returnsGame" classname="cat.itacademy.blackjack.controller.GameControllerTest" time="1.592"/>
  <testcase name="playMove_nullMove_throwsException" classname="cat.itacademy.blackjack.controller.GameControllerTest" time="0.011"/>
  <testcase name="createGame_invalidName_throwsException" classname="cat.itacademy.blackjack.controller.GameControllerTest" time="0.003"/>
  <testcase name="getAllGames_returnsGames" classname="cat.itacademy.blackjack.controller.GameControllerTest" time="0.004"/>
  <testcase name="playMove_validMove_returnsGame" classname="cat.itacademy.blackjack.controller.GameControllerTest" time="0.003"/>
</testsuite>