<?xml version="1.0" encoding="UTF-8"?>
<testsuite xmlns:xsi="http://www.w3.org/2001/XMLSchema-instance" xsi:noNamespaceSchemaLocation="https://maven.apache.org/surefire/maven-surefire-plugin/xsd/surefire-test-report-3.0.xsd" version="3.0" name="cat.itacademy.blackjack.controller.PlayerControllerTest" time="0.059" tests="4" errors="0" skipped="0" failures="0">
  <properties>
[...]
</properties>
  <testcase name="updatePlayerName_blankName_throwsException" classname="cat.itacademy.blackjack.controller.PlayerControllerTest" time="0.043"/>
  <testcase name="getRanking_returnsFlux" classname="cat.itacademy.blackjack.controller.PlayerControllerTest" time="0.005"/>
  <testcase name="updatePlayerName_invalidName_throwsException" classname="cat.itacademy.blackjack.controller.PlayerControllerTest" time="0.003"/>
  <testcase name="updatePlayerName_valid_returnsPlayer" classname="cat.itacademy.blackjack.controller.PlayerControllerTest" time="0.002"/>
</testsuite>